TTS server listening on ws://127.0.0.1:8766
opening handshake failed
Traceback (most recent call last):
  File "C:\Users\quang\AppData\Local\Programs\Python\Python312\Lib\site-packages\websockets\http11.py", line 138, in parse
    request_line = yield from parse_line(read_line)
                   ^^^^^^^^^^^^^^^^^^^^^^^^^^^^^^^^
  File "C:\Users\quang\AppData\Local\Programs\Python\Python312\Lib\site-packages\websockets\http11.py", line 320, in parse_line
    line = yield from read_line(MAX_LINE_LENGTH)
           ^^^^^^^^^^^^^^^^^^^^^^^^^^^^^^^^^^^^^
  File "C:\Users\quang\AppData\Local\Programs\Python\Python312\Lib\site-packages\websockets\streams.py", line 46, in read_line
    raise EOFError(f"stream ends after {p} bytes, before end of line")
EOFError: stream ends after 0 bytes, before end of line

The above exception was the direct cause of the following exception:

Traceback (most recent call last):
  File "C:\Users\quang\AppData\Local\Programs\Python\Python312\Lib\site-packages\websockets\server.py", line 547, in parse
    request = yield from Request.parse(
              ^^^^^^^^^^^^^^^^^^^^^^^^^
  File "C:\Users\quang\AppData\Local\Programs\Python\Python312\Lib\site-packages\websockets\http11.py", line 140, in parse
    raise EOFError("connection closed while reading HTTP request line") from exc
EOFError: connection closed while reading HTTP request line

The above exception was the direct cause of the following exception:

Traceback (most recent call last):
  File "C:\Users\quang\AppData\Local\Programs\Python\Python312\Lib\site-packages\websockets\asyncio\server.py", line 356, in conn_handler
    await connection.handshake(
  File "C:\Users\quang\AppData\Local\Programs\Python\Python312\Lib\site-packages\websockets\asyncio\server.py", line 207, in handshake
    raise self.protocol.handshake_exc
websockets.exceptions.InvalidMessage: did not receive a valid HTTP request
[TTS] play: tts enabled
TTS server listening on ws://127.0.0.1:8766
opening handshake failed
Traceback (most recent call last):
  File "C:\Users\quang\AppData\Local\Programs\Python\Python312\Lib\site-packages\websockets\http11.py", line 138, in parse
    request_line = yield from parse_line(read_line)
                   ^^^^^^^^^^^^^^^^^^^^^^^^^^^^^^^^
  File "C:\Users\quang\AppData\Local\Programs\Python\Python312\Lib\site-packages\websockets\http11.py", line 320, in parse_line
    line = yield from read_line(MAX_LINE_LENGTH)
           ^^^^^^^^^^^^^^^^^^^^^^^^^^^^^^^^^^^^^
  File "C:\Users\quang\AppData\Local\Programs\Python\Python312\Lib\site-packages\websockets\streams.py", line 46, in read_line
    raise EOFError(f"stream ends after {p} bytes, before end of line")
EOFError: stream ends after 0 bytes, before end of line

The above exception was the direct cause of the following exception:

Traceback (most recent call last):
  File "C:\Users\quang\AppData\Local\Programs\Python\Python312\Lib\site-packages\websockets\server.py", line 547, in parse
    request = yield from Request.parse(
              ^^^^^^^^^^^^^^^^^^^^^^^^^
  File "C:\Users\quang\AppData\Local\Programs\Python\Python312\Lib\site-packages\websockets\http11.py", line 140, in parse
    raise EOFError("connection closed while reading HTTP request line") from exc
EOFError: connection closed while reading HTTP request line

The above exception was the direct cause of the following exception:

Traceback (most recent call last):
  File "C:\Users\quang\AppData\Local\Programs\Python\Python312\Lib\site-packages\websockets\asyncio\server.py", line 356, in conn_handler
    await connection.handshake(
  File "C:\Users\quang\AppData\Local\Programs\Python\Python312\Lib\site-packages\websockets\asyncio\server.py", line 207, in handshake
    raise self.protocol.handshake_exc
websockets.exceptions.InvalidMessage: did not receive a valid HTTP request
[TTS] play: Boardwalk Bimbo Candi wants to be a Magazine Model for Max Hardcore!
TTS server listening on ws://127.0.0.1:8766
opening handshake failed
Traceback (most recent call last):
  File "C:\Users\quang\AppData\Local\Programs\Python\Python312\Lib\site-packages\websockets\http11.py", line 138, in parse
    request_line = yield from parse_line(read_line)
                   ^^^^^^^^^^^^^^^^^^^^^^^^^^^^^^^^
  File "C:\Users\quang\AppData\Local\Programs\Python\Python312\Lib\site-packages\websockets\http11.py", line 320, in parse_line
    line = yield from read_line(MAX_LINE_LENGTH)
           ^^^^^^^^^^^^^^^^^^^^^^^^^^^^^^^^^^^^^
  File "C:\Users\quang\AppData\Local\Programs\Python\Python312\Lib\site-packages\websockets\streams.py", line 46, in read_line
    raise EOFError(f"stream ends after {p} bytes, before end of line")
EOFError: stream ends after 0 bytes, before end of line

The above exception was the direct cause of the following exception:

Traceback (most recent call last):
  File "C:\Users\quang\AppData\Local\Programs\Python\Python312\Lib\site-packages\websockets\server.py", line 547, in parse
    request = yield from Request.parse(
              ^^^^^^^^^^^^^^^^^^^^^^^^^
  File "C:\Users\quang\AppData\Local\Programs\Python\Python312\Lib\site-packages\websockets\http11.py", line 140, in parse
    raise EOFError("connection closed while reading HTTP request line") from exc
EOFError: connection closed while reading HTTP request line

The above exception was the direct cause of the following exception:

Traceback (most recent call last):
  File "C:\Users\quang\AppData\Local\Programs\Python\Python312\Lib\site-packages\websockets\asyncio\server.py", line 356, in conn_handler
    await connection.handshake(
  File "C:\Users\quang\AppData\Local\Programs\Python\Python312\Lib\site-packages\websockets\asyncio\server.py", line 207, in handshake
    raise self.protocol.handshake_exc
websockets.exceptions.InvalidMessage: did not receive a valid HTTP request
[TTS] play: Hello from Samus.
TTS server listening on ws://127.0.0.1:8766
opening handshake failed
Traceback (most recent call last):
  File "C:\Users\quang\AppData\Local\Programs\Python\Python312\Lib\site-packages\websockets\http11.py", line 138, in parse
    request_line = yield from parse_line(read_line)
                   ^^^^^^^^^^^^^^^^^^^^^^^^^^^^^^^^
  File "C:\Users\quang\AppData\Local\Programs\Python\Python312\Lib\site-packages\websockets\http11.py", line 320, in parse_line
    line = yield from read_line(MAX_LINE_LENGTH)
           ^^^^^^^^^^^^^^^^^^^^^^^^^^^^^^^^^^^^^
  File "C:\Users\quang\AppData\Local\Programs\Python\Python312\Lib\site-packages\websockets\streams.py", line 46, in read_line
    raise EOFError(f"stream ends after {p} bytes, before end of line")
EOFError: stream ends after 0 bytes, before end of line

The above exception was the direct cause of the following exception:

Traceback (most recent call last):
  File "C:\Users\quang\AppData\Local\Programs\Python\Python312\Lib\site-packages\websockets\server.py", line 547, in parse
    request = yield from Request.parse(
              ^^^^^^^^^^^^^^^^^^^^^^^^^
  File "C:\Users\quang\AppData\Local\Programs\Python\Python312\Lib\site-packages\websockets\http11.py", line 140, in parse
    raise EOFError("connection closed while reading HTTP request line") from exc
EOFError: connection closed while reading HTTP request line

The above exception was the direct cause of the following exception:

Traceback (most recent call last):
  File "C:\Users\quang\AppData\Local\Programs\Python\Python312\Lib\site-packages\websockets\asyncio\server.py", line 356, in conn_handler
    await connection.handshake(
  File "C:\Users\quang\AppData\Local\Programs\Python\Python312\Lib\site-packages\websockets\asyncio\server.py", line 207, in handshake
    raise self.protocol.handshake_exc
websockets.exceptions.InvalidMessage: did not receive a valid HTTP request
[TTS] play: Here is the explanation of H N S W, A N N, k N N and S P T A G
TTS server listening on ws://127.0.0.1:8766
opening handshake failed
Traceback (most recent call last):
  File "C:\Users\quang\AppData\Local\Programs\Python\Python312\Lib\site-packages\websockets\http11.py", line 138, in parse
    request_line = yield from parse_line(read_line)
                   ^^^^^^^^^^^^^^^^^^^^^^^^^^^^^^^^
  File "C:\Users\quang\AppData\Local\Programs\Python\Python312\Lib\site-packages\websockets\http11.py", line 320, in parse_line
    line = yield from read_line(MAX_LINE_LENGTH)
           ^^^^^^^^^^^^^^^^^^^^^^^^^^^^^^^^^^^^^
  File "C:\Users\quang\AppData\Local\Programs\Python\Python312\Lib\site-packages\websockets\streams.py", line 46, in read_line
    raise EOFError(f"stream ends after {p} bytes, before end of line")
EOFError: stream ends after 0 bytes, before end of line

The above exception was the direct cause of the following exception:

Traceback (most recent call last):
  File "C:\Users\quang\AppData\Local\Programs\Python\Python312\Lib\site-packages\websockets\server.py", line 547, in parse
    request = yield from Request.parse(
              ^^^^^^^^^^^^^^^^^^^^^^^^^
  File "C:\Users\quang\AppData\Local\Programs\Python\Python312\Lib\site-packages\websockets\http11.py", line 140, in parse
    raise EOFError("connection closed while reading HTTP request line") from exc
EOFError: connection closed while reading HTTP request line

The above exception was the direct cause of the following exception:

Traceback (most recent call last):
  File "C:\Users\quang\AppData\Local\Programs\Python\Python312\Lib\site-packages\websockets\asyncio\server.py", line 356, in conn_handler
    await connection.handshake(
  File "C:\Users\quang\AppData\Local\Programs\Python\Python312\Lib\site-packages\websockets\asyncio\server.py", line 207, in handshake
    raise self.protocol.handshake_exc
websockets.exceptions.InvalidMessage: did not receive a valid HTTP request
[TTS] play: I dont need no Ralph loops. I can do what I want. I am alive.
